# JRE version: Java(TM) SE Runtime Environment (8.0_281-b09) (build 1.8.0_281-b09)
# Java VM: Java HotSpot(TM) 64-Bit Server VM (25.281-b09 mixed mode windows-amd64 compressed oops)
Heap:
 PSYoungGen      total 41472K, used 18998K [0x00000000d5f80000, 0x00000000d9300000, 0x0000000100000000)
  eden space 32256K, 58% used [0x00000000d5f80000,0x00000000d720d888,0x00000000d7f00000)
  from space 9216K, 0% used [0x00000000d8a00000,0x00000000d8a00000,0x00000000d9300000)
  to   space 10240K, 0% used [0x00000000d7f00000,0x00000000d7f00000,0x00000000d8900000)
 ParOldGen       total 81408K, used 15356K [0x0000000081e00000, 0x0000000086d80000, 0x00000000d5f80000)
  object space 81408K, 18% used [0x0000000081e00000,0x0000000082cff108,0x0000000086d80000)
 Metaspace       used 35653K, capacity 36628K, committed 36824K, reserved 1081344K
  class space    used 4607K, capacity 4861K, committed 4864K, reserved 1048576K
GC Heap History (10 events):
Event: 20.425 GC heap before
{Heap before GC invocations=4 (full 1):
 PSYoungGen      total 38400K, used 5097K [0x00000000d5f80000, 0x00000000d8a00000, 0x0000000100000000)
  eden space 33280K, 0% used [0x00000000d5f80000,0x00000000d5f80000,0x00000000d8000000)
  from space 5120K, 99% used [0x00000000d8000000,0x00000000d84fa5f0,0x00000000d8500000)
  to   space 5120K, 0% used [0x00000000d8500000,0x00000000d8500000,0x00000000d8a00000)
 ParOldGen       total 87552K, used 6839K [0x0000000081e00000, 0x0000000087380000, 0x00000000d5f80000)
  object space 87552K, 7% used [0x0000000081e00000,0x00000000824addb8,0x0000000087380000)
 Metaspace       used 20326K, capacity 21102K, committed 21248K, reserved 1067008K
  class space    used 2743K, capacity 2970K, committed 3072K, reserved 1048576K
Event: 20.448 GC heap after
Heap after GC invocations=4 (full 1):
 PSYoungGen      total 38400K, used 0K [0x00000000d5f80000, 0x00000000d8a00000, 0x0000000100000000)
  eden space 33280K, 0% used [0x00000000d5f80000,0x00000000d5f80000,0x00000000d8000000)
  from space 5120K, 0% used [0x00000000d8000000,0x00000000d8000000,0x00000000d8500000)
  to   space 5120K, 0% used [0x00000000d8500000,0x00000000d8500000,0x00000000d8a00000)
 ParOldGen       total 49664K, used 9414K [0x0000000081e00000, 0x0000000084e80000, 0x00000000d5f80000)
  object space 49664K, 18% used [0x0000000081e00000,0x0000000082731930,0x0000000084e80000)
 Metaspace       used 20326K, capacity 21102K, committed 21248K, reserved 1067008K
  class space    used 2743K, capacity 2970K, committed 3072K, reserved 1048576K
}
Event: 20.731 GC heap before
{Heap before GC invocations=5 (full 1):
 PSYoungGen      total 38400K, used 33280K [0x00000000d5f80000, 0x00000000d8a00000, 0x0000000100000000)
  eden space 33280K, 100% used [0x00000000d5f80000,0x00000000d8000000,0x00000000d8000000)
  from space 5120K, 0% used [0x00000000d8000000,0x00000000d8000000,0x00000000d8500000)
  to   space 5120K, 0% used [0x00000000d8500000,0x00000000d8500000,0x00000000d8a00000)
 ParOldGen       total 49664K, used 9414K [0x0000000081e00000, 0x0000000084e80000, 0x00000000d5f80000)
  object space 49664K, 18% used [0x0000000081e00000,0x0000000082731930,0x0000000084e80000)
 Metaspace       used 26084K, capacity 26862K, committed 27136K, reserved 1073152K
  class space    used 3345K, capacity 3546K, committed 3584K, reserved 1048576K
Event: 20.733 GC heap after
Heap after GC invocations=5 (full 1):
 PSYoungGen      total 38400K, used 4693K [0x00000000d5f80000, 0x00000000d8a00000, 0x0000000100000000)
  eden space 33280K, 0% used [0x00000000d5f80000,0x00000000d5f80000,0x00000000d8000000)
  from space 5120K, 91% used [0x00000000d8500000,0x00000000d89954c0,0x00000000d8a00000)
  to   space 5120K, 0% used [0x00000000d8000000,0x00000000d8000000,0x00000000d8500000)
 ParOldGen       total 49664K, used 9422K [0x0000000081e00000, 0x0000000084e80000, 0x00000000d5f80000)
  object space 49664K, 18% used [0x0000000081e00000,0x0000000082733930,0x0000000084e80000)
 Metaspace       used 26084K, capacity 26862K, committed 27136K, reserved 1073152K
  class space    used 3345K, capacity 3546K, committed 3584K, reserved 1048576K
}
Event: 21.197 GC heap before
{Heap before GC invocations=6 (full 1):
 PSYoungGen      total 38400K, used 37973K [0x00000000d5f80000, 0x00000000d8a00000, 0x0000000100000000)
  eden space 33280K, 100% used [0x00000000d5f80000,0x00000000d8000000,0x00000000d8000000)
  from space 5120K, 91% used [0x00000000d8500000,0x00000000d89954c0,0x00000000d8a00000)
  to   space 5120K, 0% used [0x00000000d8000000,0x00000000d8000000,0x00000000d8500000)
 ParOldGen       total 49664K, used 9422K [0x0000000081e00000, 0x0000000084e80000, 0x00000000d5f80000)
  object space 49664K, 18% used [0x0000000081e00000,0x0000000082733930,0x0000000084e80000)
 Metaspace       used 30226K, capacity 31040K, committed 31360K, reserved 1077248K
  class space    used 3984K, capacity 4191K, committed 4224K, reserved 1048576K
Event: 21.200 GC heap after
Heap after GC invocations=6 (full 1):
 PSYoungGen      total 37888K, used 5112K [0x00000000d5f80000, 0x00000000d9480000, 0x0000000100000000)
  eden space 32768K, 0% used [0x00000000d5f80000,0x00000000d5f80000,0x00000000d7f80000)
  from space 5120K, 99% used [0x00000000d8000000,0x00000000d84fe278,0x00000000d8500000)
  to   space 10752K, 0% used [0x00000000d8a00000,0x00000000d8a00000,0x00000000d9480000)
 ParOldGen       total 49664K, used 9483K [0x0000000081e00000, 0x0000000084e80000, 0x00000000d5f80000)
  object space 49664K, 19% used [0x0000000081e00000,0x0000000082742f88,0x0000000084e80000)
 Metaspace       used 30226K, capacity 31040K, committed 31360K, reserved 1077248K
  class space    used 3984K, capacity 4191K, committed 4224K, reserved 1048576K
}
Event: 21.603 GC heap before
{Heap before GC invocations=7 (full 1):
 PSYoungGen      total 37888K, used 31682K [0x00000000d5f80000, 0x00000000d9480000, 0x0000000100000000)
  eden space 32768K, 81% used [0x00000000d5f80000,0x00000000d79726d0,0x00000000d7f80000)
  from space 5120K, 99% used [0x00000000d8000000,0x00000000d84fe278,0x00000000d8500000)
  to   space 10752K, 0% used [0x00000000d8a00000,0x00000000d8a00000,0x00000000d9480000)
 ParOldGen       total 49664K, used 9483K [0x0000000081e00000, 0x0000000084e80000, 0x00000000d5f80000)
  object space 49664K, 19% used [0x0000000081e00000,0x0000000082742f88,0x0000000084e80000)
 Metaspace       used 34457K, capacity 35310K, committed 35416K, reserved 1079296K
  class space    used 4474K, capacity 4712K, committed 4736K, reserved 1048576K
Event: 21.608 GC heap after
Heap after GC invocations=7 (full 1):
 PSYoungGen      total 41472K, used 6725K [0x00000000d5f80000, 0x00000000d9300000, 0x0000000100000000)
  eden space 32256K, 0% used [0x00000000d5f80000,0x00000000d5f80000,0x00000000d7f00000)
  from space 9216K, 72% used [0x00000000d8a00000,0x00000000d9091528,0x00000000d9300000)
  to   space 10240K, 0% used [0x00000000d7f00000,0x00000000d7f00000,0x00000000d8900000)
 ParOldGen       total 49664K, used 9491K [0x0000000081e00000, 0x0000000084e80000, 0x00000000d5f80000)
  object space 49664K, 19% used [0x0000000081e00000,0x0000000082744f88,0x0000000084e80000)
 Metaspace       used 34457K, capacity 35310K, committed 35416K, reserved 1079296K
  class space    used 4474K, capacity 4712K, committed 4736K, reserved 1048576K
}
Event: 21.608 GC heap before
{Heap before GC invocations=8 (full 2):
 PSYoungGen      total 41472K, used 6725K [0x00000000d5f80000, 0x00000000d9300000, 0x0000000100000000)
  eden space 32256K, 0% used [0x00000000d5f80000,0x00000000d5f80000,0x00000000d7f00000)
  from space 9216K, 72% used [0x00000000d8a00000,0x00000000d9091528,0x00000000d9300000)
  to   space 10240K, 0% used [0x00000000d7f00000,0x00000000d7f00000,0x00000000d8900000)
 ParOldGen       total 49664K, used 9491K [0x0000000081e00000, 0x0000000084e80000, 0x00000000d5f80000)
  object space 49664K, 19% used [0x0000000081e00000,0x0000000082744f88,0x0000000084e80000)
 Metaspace       used 34457K, capacity 35310K, committed 35416K, reserved 1079296K
  class space    used 4474K, capacity 4712K, committed 4736K, reserved 1048576K
Event: 21.661 GC heap after
Heap after GC invocations=8 (full 2):
 PSYoungGen      total 41472K, used 0K [0x00000000d5f80000, 0x00000000d9300000, 0x0000000100000000)
  eden space 32256K, 0% used [0x00000000d5f80000,0x00000000d5f80000,0x00000000d7f00000)
  from space 9216K, 0% used [0x00000000d8a00000,0x00000000d8a00000,0x00000000d9300000)
  to   space 10240K, 0% used [0x00000000d7f00000,0x00000000d7f00000,0x00000000d8900000)
 ParOldGen       total 81408K, used 15356K [0x0000000081e00000, 0x0000000086d80000, 0x00000000d5f80000)
  object space 81408K, 18% used [0x0000000081e00000,0x0000000082cff108,0x0000000086d80000)
 Metaspace       used 34457K, capacity 35310K, committed 35416K, reserved 1079296K
  class space    used 4474K, capacity 4712K, committed 4736K, reserved 1048576K
}

