# JRE version: Java(TM) SE Runtime Environment (8.0_281-b09) (build 1.8.0_281-b09)
# Java VM: Java HotSpot(TM) 64-Bit Server VM (25.281-b09 mixed mode windows-amd64 compressed oops)
Heap:
 PSYoungGen      total 138240K, used 20454K [0x00000000d5f80000, 0x00000000e6280000, 0x0000000100000000)
  eden space 133120K, 15% used [0x00000000d5f80000,0x00000000d7379920,0x00000000de180000)
  from space 5120K, 0% used [0x00000000de180000,0x00000000de180000,0x00000000de680000)
  to   space 12288K, 0% used [0x00000000e5680000,0x00000000e5680000,0x00000000e6280000)
 ParOldGen       total 75776K, used 15596K [0x0000000081e00000, 0x0000000086800000, 0x00000000d5f80000)
  object space 75776K, 20% used [0x0000000081e00000,0x0000000082d3b048,0x0000000086800000)
 Metaspace       used 35617K, capacity 36598K, committed 36696K, reserved 1081344K
  class space    used 4668K, capacity 4900K, committed 4992K, reserved 1048576K
GC Heap History (10 events):
Event: 13.282 GC heap before
{Heap before GC invocations=3 (full 0):
 PSYoungGen      total 71680K, used 14670K [0x00000000d5f80000, 0x00000000daa80000, 0x0000000100000000)
  eden space 66560K, 14% used [0x00000000d5f80000,0x00000000d68d94f0,0x00000000da080000)
  from space 5120K, 99% used [0x00000000da580000,0x00000000daa7a640,0x00000000daa80000)
  to   space 5120K, 0% used [0x00000000da080000,0x00000000da080000,0x00000000da580000)
 ParOldGen       total 87552K, used 6508K [0x0000000081e00000, 0x0000000087380000, 0x00000000d5f80000)
  object space 87552K, 7% used [0x0000000081e00000,0x000000008245b1a0,0x0000000087380000)
 Metaspace       used 20407K, capacity 21134K, committed 21248K, reserved 1067008K
  class space    used 2765K, capacity 2960K, committed 3072K, reserved 1048576K
Event: 13.285 GC heap after
Heap after GC invocations=3 (full 0):
 PSYoungGen      total 71680K, used 5101K [0x00000000d5f80000, 0x00000000deb80000, 0x0000000100000000)
  eden space 66560K, 0% used [0x00000000d5f80000,0x00000000d5f80000,0x00000000da080000)
  from space 5120K, 99% used [0x00000000da080000,0x00000000da57b668,0x00000000da580000)
  to   space 5120K, 0% used [0x00000000de680000,0x00000000de680000,0x00000000deb80000)
 ParOldGen       total 87552K, used 6826K [0x0000000081e00000, 0x0000000087380000, 0x00000000d5f80000)
  object space 87552K, 7% used [0x0000000081e00000,0x00000000824aab00,0x0000000087380000)
 Metaspace       used 20407K, capacity 21134K, committed 21248K, reserved 1067008K
  class space    used 2765K, capacity 2960K, committed 3072K, reserved 1048576K
}
Event: 13.285 GC heap before
{Heap before GC invocations=4 (full 1):
 PSYoungGen      total 71680K, used 5101K [0x00000000d5f80000, 0x00000000deb80000, 0x0000000100000000)
  eden space 66560K, 0% used [0x00000000d5f80000,0x00000000d5f80000,0x00000000da080000)
  from space 5120K, 99% used [0x00000000da080000,0x00000000da57b668,0x00000000da580000)
  to   space 5120K, 0% used [0x00000000de680000,0x00000000de680000,0x00000000deb80000)
 ParOldGen       total 87552K, used 6826K [0x0000000081e00000, 0x0000000087380000, 0x00000000d5f80000)
  object space 87552K, 7% used [0x0000000081e00000,0x00000000824aab00,0x0000000087380000)
 Metaspace       used 20407K, capacity 21134K, committed 21248K, reserved 1067008K
  class space    used 2765K, capacity 2960K, committed 3072K, reserved 1048576K
Event: 13.307 GC heap after
Heap after GC invocations=4 (full 1):
 PSYoungGen      total 71680K, used 0K [0x00000000d5f80000, 0x00000000deb80000, 0x0000000100000000)
  eden space 66560K, 0% used [0x00000000d5f80000,0x00000000d5f80000,0x00000000da080000)
  from space 5120K, 0% used [0x00000000da080000,0x00000000da080000,0x00000000da580000)
  to   space 5120K, 0% used [0x00000000de680000,0x00000000de680000,0x00000000deb80000)
 ParOldGen       total 54272K, used 9438K [0x0000000081e00000, 0x0000000085300000, 0x00000000d5f80000)
  object space 54272K, 17% used [0x0000000081e00000,0x0000000082737a70,0x0000000085300000)
 Metaspace       used 20407K, capacity 21134K, committed 21248K, reserved 1067008K
  class space    used 2765K, capacity 2960K, committed 3072K, reserved 1048576K
}
Event: 14.069 GC heap before
{Heap before GC invocations=5 (full 1):
 PSYoungGen      total 71680K, used 66560K [0x00000000d5f80000, 0x00000000deb80000, 0x0000000100000000)
  eden space 66560K, 100% used [0x00000000d5f80000,0x00000000da080000,0x00000000da080000)
  from space 5120K, 0% used [0x00000000da080000,0x00000000da080000,0x00000000da580000)
  to   space 5120K, 0% used [0x00000000de680000,0x00000000de680000,0x00000000deb80000)
 ParOldGen       total 54272K, used 9458K [0x0000000081e00000, 0x0000000085300000, 0x00000000d5f80000)
  object space 54272K, 17% used [0x0000000081e00000,0x000000008273cad0,0x0000000085300000)
 Metaspace       used 29925K, capacity 30752K, committed 30848K, reserved 1075200K
  class space    used 3973K, capacity 4181K, committed 4224K, reserved 1048576K
Event: 14.089 GC heap after
Heap after GC invocations=5 (full 1):
 PSYoungGen      total 132096K, used 5095K [0x00000000d5f80000, 0x00000000deb80000, 0x0000000100000000)
  eden space 126976K, 0% used [0x00000000d5f80000,0x00000000d5f80000,0x00000000ddb80000)
  from space 5120K, 99% used [0x00000000de680000,0x00000000deb79fc8,0x00000000deb80000)
  to   space 5120K, 0% used [0x00000000de180000,0x00000000de180000,0x00000000de680000)
 ParOldGen       total 54272K, used 13671K [0x0000000081e00000, 0x0000000085300000, 0x00000000d5f80000)
  object space 54272K, 25% used [0x0000000081e00000,0x0000000082b59c20,0x0000000085300000)
 Metaspace       used 29925K, capacity 30752K, committed 30848K, reserved 1075200K
  class space    used 3973K, capacity 4181K, committed 4224K, reserved 1048576K
}
Event: 14.720 GC heap before
{Heap before GC invocations=6 (full 1):
 PSYoungGen      total 132096K, used 33428K [0x00000000d5f80000, 0x00000000deb80000, 0x0000000100000000)
  eden space 126976K, 22% used [0x00000000d5f80000,0x00000000d7b2b240,0x00000000ddb80000)
  from space 5120K, 99% used [0x00000000de680000,0x00000000deb79fc8,0x00000000deb80000)
  to   space 5120K, 0% used [0x00000000de180000,0x00000000de180000,0x00000000de680000)
 ParOldGen       total 54272K, used 13671K [0x0000000081e00000, 0x0000000085300000, 0x00000000d5f80000)
  object space 54272K, 25% used [0x0000000081e00000,0x0000000082b59c20,0x0000000085300000)
 Metaspace       used 34410K, capacity 35246K, committed 35416K, reserved 1079296K
  class space    used 4510K, capacity 4734K, committed 4736K, reserved 1048576K
Event: 14.724 GC heap after
Heap after GC invocations=6 (full 1):
 PSYoungGen      total 138240K, used 5112K [0x00000000d5f80000, 0x00000000e6280000, 0x0000000100000000)
  eden space 133120K, 0% used [0x00000000d5f80000,0x00000000d5f80000,0x00000000de180000)
  from space 5120K, 99% used [0x00000000de180000,0x00000000de67e160,0x00000000de680000)
  to   space 12288K, 0% used [0x00000000e5680000,0x00000000e5680000,0x00000000e6280000)
 ParOldGen       total 54272K, used 15018K [0x0000000081e00000, 0x0000000085300000, 0x00000000d5f80000)
  object space 54272K, 27% used [0x0000000081e00000,0x0000000082caa938,0x0000000085300000)
 Metaspace       used 34410K, capacity 35246K, committed 35416K, reserved 1079296K
  class space    used 4510K, capacity 4734K, committed 4736K, reserved 1048576K
}
Event: 14.724 GC heap before
{Heap before GC invocations=7 (full 2):
 PSYoungGen      total 138240K, used 5112K [0x00000000d5f80000, 0x00000000e6280000, 0x0000000100000000)
  eden space 133120K, 0% used [0x00000000d5f80000,0x00000000d5f80000,0x00000000de180000)
  from space 5120K, 99% used [0x00000000de180000,0x00000000de67e160,0x00000000de680000)
  to   space 12288K, 0% used [0x00000000e5680000,0x00000000e5680000,0x00000000e6280000)
 ParOldGen       total 54272K, used 15018K [0x0000000081e00000, 0x0000000085300000, 0x00000000d5f80000)
  object space 54272K, 27% used [0x0000000081e00000,0x0000000082caa938,0x0000000085300000)
 Metaspace       used 34410K, capacity 35246K, committed 35416K, reserved 1079296K
  class space    used 4510K, capacity 4734K, committed 4736K, reserved 1048576K
Event: 14.748 GC heap after
Heap after GC invocations=7 (full 2):
 PSYoungGen      total 138240K, used 0K [0x00000000d5f80000, 0x00000000e6280000, 0x0000000100000000)
  eden space 133120K, 0% used [0x00000000d5f80000,0x00000000d5f80000,0x00000000de180000)
  from space 5120K, 0% used [0x00000000de180000,0x00000000de180000,0x00000000de680000)
  to   space 12288K, 0% used [0x00000000e5680000,0x00000000e5680000,0x00000000e6280000)
 ParOldGen       total 75776K, used 15596K [0x0000000081e00000, 0x0000000086800000, 0x00000000d5f80000)
  object space 75776K, 20% used [0x0000000081e00000,0x0000000082d3b048,0x0000000086800000)
 Metaspace       used 34410K, capacity 35246K, committed 35416K, reserved 1079296K
  class space    used 4510K, capacity 4734K, committed 4736K, reserved 1048576K
}

